==28884== Memcheck, a memory error detector
==28884== Copyright (C) 2002-2017, and GNU GPL'd, by Julian Seward et al.
==28884== Using Valgrind-3.15.0-608cb11914-20190413 and LibVEX; rerun with -h for copyright info
==28884== Command: ./fix_opt
==28884== Parent PID: 16435
==28884== 
--28884-- 
--28884-- Valgrind options:
--28884--    -v
--28884--    --tool=memcheck
--28884--    --leak-check=full
--28884--    --num-callers=40
--28884--    --log-file=valgrind.log
--28884-- Contents of /proc/version:
--28884--   Linux version 5.4.0-91-generic (buildd@lcy01-amd64-017) (gcc version 9.3.0 (Ubuntu 9.3.0-17ubuntu1~20.04)) #102-Ubuntu SMP Fri Nov 5 16:31:28 UTC 2021
--28884-- 
--28884-- Arch and hwcaps: AMD64, LittleEndian, amd64-cx16-lzcnt-rdtscp-sse3-ssse3-avx-avx2-bmi-f16c-rdrand
--28884-- Page sizes: currently 4096, max supported 4096
--28884-- Valgrind library directory: /usr/lib/x86_64-linux-gnu/valgrind
--28884-- Reading syms from /home/itachi/Desktop/University/AI4GAMES/CodeKeeper/fix_opt
--28884-- Reading syms from /lib/x86_64-linux-gnu/ld-2.31.so
--28884--   Considering /lib/x86_64-linux-gnu/ld-2.31.so ..
--28884--   .. CRC mismatch (computed 975d0390 wanted 30bd717f)
--28884--   Considering /lib/x86_64-linux-gnu/ld-2.31.so ..
--28884--   .. CRC mismatch (computed 975d0390 wanted 30bd717f)
--28884--   Considering /usr/lib/debug/lib/x86_64-linux-gnu/ld-2.31.so ..
--28884--   .. CRC is valid
--28884-- Reading syms from /usr/lib/x86_64-linux-gnu/valgrind/memcheck-amd64-linux
--28884--    object doesn't have a symbol table
--28884--    object doesn't have a dynamic symbol table
--28884-- Scheduler: using generic scheduler lock implementation.
--28884-- Reading suppressions file: /usr/lib/x86_64-linux-gnu/valgrind/default.supp
==28884== embedded gdbserver: reading from /tmp/vgdb-pipe-from-vgdb-to-28884-by-itachi-on-???
==28884== embedded gdbserver: writing to   /tmp/vgdb-pipe-to-vgdb-from-28884-by-itachi-on-???
==28884== embedded gdbserver: shared mem   /tmp/vgdb-pipe-shared-mem-vgdb-28884-by-itachi-on-???
==28884== 
==28884== TO CONTROL THIS PROCESS USING vgdb (which you probably
==28884== don't want to do, unless you know exactly what you're doing,
==28884== or are doing some strange experiment):
==28884==   /usr/lib/x86_64-linux-gnu/valgrind/../../bin/vgdb --pid=28884 ...command...
==28884== 
==28884== TO DEBUG THIS PROCESS USING GDB: start GDB like this
==28884==   /path/to/gdb ./fix_opt
==28884== and then give GDB the following command
==28884==   target remote | /usr/lib/x86_64-linux-gnu/valgrind/../../bin/vgdb --pid=28884
==28884== --pid is optional if only one valgrind process is running
==28884== 
--28884-- REDIR: 0x4022e10 (ld-linux-x86-64.so.2:strlen) redirected to 0x580c9ce2 (???)
--28884-- REDIR: 0x4022be0 (ld-linux-x86-64.so.2:index) redirected to 0x580c9cfc (???)
--28884-- Reading syms from /usr/lib/x86_64-linux-gnu/valgrind/vgpreload_core-amd64-linux.so
--28884--    object doesn't have a symbol table
--28884-- Reading syms from /usr/lib/x86_64-linux-gnu/valgrind/vgpreload_memcheck-amd64-linux.so
--28884--    object doesn't have a symbol table
==28884== WARNING: new redirection conflicts with existing -- ignoring it
--28884--     old: 0x04022e10 (strlen              ) R-> (0000.0) 0x580c9ce2 ???
--28884--     new: 0x04022e10 (strlen              ) R-> (2007.0) 0x0483f060 strlen
--28884-- REDIR: 0x401f5f0 (ld-linux-x86-64.so.2:strcmp) redirected to 0x483ffd0 (strcmp)
--28884-- REDIR: 0x4023370 (ld-linux-x86-64.so.2:mempcpy) redirected to 0x4843a20 (mempcpy)
--28884-- Reading syms from /usr/lib/x86_64-linux-gnu/libasan.so.5.0.0
--28884--    object doesn't have a symbol table
--28884-- Reading syms from /usr/lib/x86_64-linux-gnu/libstdc++.so.6.0.28
--28884--    object doesn't have a symbol table
--28884-- Reading syms from /lib/x86_64-linux-gnu/libgcc_s.so.1
--28884--    object doesn't have a symbol table
--28884-- Reading syms from /lib/x86_64-linux-gnu/libc-2.31.so
--28884--   Considering /lib/x86_64-linux-gnu/libc-2.31.so ..
--28884--   .. CRC mismatch (computed 86b78530 wanted e380f01c)
--28884--   Considering /lib/x86_64-linux-gnu/libc-2.31.so ..
--28884--   .. CRC mismatch (computed 86b78530 wanted e380f01c)
--28884--   Considering /usr/lib/debug/lib/x86_64-linux-gnu/libc-2.31.so ..
--28884--   .. CRC is valid
--28884-- Reading syms from /lib/x86_64-linux-gnu/libdl-2.31.so
--28884--   Considering /lib/x86_64-linux-gnu/libdl-2.31.so ..
--28884--   .. CRC mismatch (computed b5d487d3 wanted 6ef97e7c)
--28884--   Considering /lib/x86_64-linux-gnu/libdl-2.31.so ..
--28884--   .. CRC mismatch (computed b5d487d3 wanted 6ef97e7c)
--28884--   Considering /usr/lib/debug/lib/x86_64-linux-gnu/libdl-2.31.so ..
--28884--   .. CRC is valid
--28884-- Reading syms from /lib/x86_64-linux-gnu/librt-2.31.so
--28884--   Considering /lib/x86_64-linux-gnu/librt-2.31.so ..
--28884--   .. CRC mismatch (computed 7d64f7e7 wanted 7c74e986)
--28884--   Considering /lib/x86_64-linux-gnu/librt-2.31.so ..
--28884--   .. CRC mismatch (computed 7d64f7e7 wanted 7c74e986)
--28884--   Considering /usr/lib/debug/lib/x86_64-linux-gnu/librt-2.31.so ..
--28884--   .. CRC is valid
--28884-- Reading syms from /lib/x86_64-linux-gnu/libpthread-2.31.so
--28884--   Considering /usr/lib/debug/.build-id/e5/4761f7b554d0fcc1562959665d93dffbebdaf0.debug ..
--28884--   .. build-id is valid
--28884-- Reading syms from /lib/x86_64-linux-gnu/libm-2.31.so
--28884--   Considering /lib/x86_64-linux-gnu/libm-2.31.so ..
--28884--   .. CRC mismatch (computed fcb42c76 wanted f6c95789)
--28884--   Considering /lib/x86_64-linux-gnu/libm-2.31.so ..
--28884--   .. CRC mismatch (computed fcb42c76 wanted f6c95789)
--28884--   Considering /usr/lib/debug/lib/x86_64-linux-gnu/libm-2.31.so ..
--28884--   .. CRC is valid
--28884-- REDIR: 0x553a600 (libc.so.6:memmove) redirected to 0x48311d0 (_vgnU_ifunc_wrapper)
--28884-- REDIR: 0x5539900 (libc.so.6:strncpy) redirected to 0x48311d0 (_vgnU_ifunc_wrapper)
--28884-- REDIR: 0x553a930 (libc.so.6:strcasecmp) redirected to 0x48311d0 (_vgnU_ifunc_wrapper)
--28884-- REDIR: 0x5539220 (libc.so.6:strcat) redirected to 0x48311d0 (_vgnU_ifunc_wrapper)
--28884-- REDIR: 0x5539960 (libc.so.6:rindex) redirected to 0x48311d0 (_vgnU_ifunc_wrapper)
--28884-- REDIR: 0x553bdd0 (libc.so.6:rawmemchr) redirected to 0x48311d0 (_vgnU_ifunc_wrapper)
--28884-- REDIR: 0x5556e60 (libc.so.6:wmemchr) redirected to 0x48311d0 (_vgnU_ifunc_wrapper)
--28884-- REDIR: 0x55569a0 (libc.so.6:wcscmp) redirected to 0x48311d0 (_vgnU_ifunc_wrapper)
--28884-- REDIR: 0x553a760 (libc.so.6:mempcpy) redirected to 0x48311d0 (_vgnU_ifunc_wrapper)
--28884-- REDIR: 0x553a590 (libc.so.6:bcmp) redirected to 0x48311d0 (_vgnU_ifunc_wrapper)
--28884-- REDIR: 0x5539890 (libc.so.6:strncmp) redirected to 0x48311d0 (_vgnU_ifunc_wrapper)
--28884-- REDIR: 0x55392d0 (libc.so.6:strcmp) redirected to 0x48311d0 (_vgnU_ifunc_wrapper)
--28884-- REDIR: 0x553a6c0 (libc.so.6:memset) redirected to 0x48311d0 (_vgnU_ifunc_wrapper)
--28884-- REDIR: 0x5556960 (libc.so.6:wcschr) redirected to 0x48311d0 (_vgnU_ifunc_wrapper)
--28884-- REDIR: 0x55397f0 (libc.so.6:strnlen) redirected to 0x48311d0 (_vgnU_ifunc_wrapper)
--28884-- REDIR: 0x55393b0 (libc.so.6:strcspn) redirected to 0x48311d0 (_vgnU_ifunc_wrapper)
--28884-- REDIR: 0x553a980 (libc.so.6:strncasecmp) redirected to 0x48311d0 (_vgnU_ifunc_wrapper)
--28884-- REDIR: 0x5539350 (libc.so.6:strcpy) redirected to 0x48311d0 (_vgnU_ifunc_wrapper)
--28884-- REDIR: 0x553aad0 (libc.so.6:memcpy@@GLIBC_2.14) redirected to 0x48311d0 (_vgnU_ifunc_wrapper)
--28884-- REDIR: 0x55580d0 (libc.so.6:wcsnlen) redirected to 0x48311d0 (_vgnU_ifunc_wrapper)
--28884-- REDIR: 0x55569e0 (libc.so.6:wcscpy) redirected to 0x48311d0 (_vgnU_ifunc_wrapper)
--28884-- REDIR: 0x55399a0 (libc.so.6:strpbrk) redirected to 0x48311d0 (_vgnU_ifunc_wrapper)
--28884-- REDIR: 0x5539280 (libc.so.6:index) redirected to 0x48311d0 (_vgnU_ifunc_wrapper)
--28884-- REDIR: 0x55397b0 (libc.so.6:strlen) redirected to 0x48311d0 (_vgnU_ifunc_wrapper)
--28884-- REDIR: 0x5542d20 (libc.so.6:memrchr) redirected to 0x48311d0 (_vgnU_ifunc_wrapper)
--28884-- REDIR: 0x553a9d0 (libc.so.6:strcasecmp_l) redirected to 0x48311d0 (_vgnU_ifunc_wrapper)
--28884-- REDIR: 0x553a550 (libc.so.6:memchr) redirected to 0x48311d0 (_vgnU_ifunc_wrapper)
--28884-- REDIR: 0x5556ab0 (libc.so.6:wcslen) redirected to 0x48311d0 (_vgnU_ifunc_wrapper)
--28884-- REDIR: 0x5539c60 (libc.so.6:strspn) redirected to 0x48311d0 (_vgnU_ifunc_wrapper)
--28884-- REDIR: 0x553a8d0 (libc.so.6:stpncpy) redirected to 0x48311d0 (_vgnU_ifunc_wrapper)
--28884-- REDIR: 0x553a870 (libc.so.6:stpcpy) redirected to 0x48311d0 (_vgnU_ifunc_wrapper)
--28884-- REDIR: 0x553be10 (libc.so.6:strchrnul) redirected to 0x48311d0 (_vgnU_ifunc_wrapper)
--28884-- REDIR: 0x553aa20 (libc.so.6:strncasecmp_l) redirected to 0x48311d0 (_vgnU_ifunc_wrapper)
--28884-- REDIR: 0x49756f0 (libasan.so.5:free) redirected to 0x483c9d0 (free)
==28884== 
==28884== HEAP SUMMARY:
==28884==     in use at exit: 0 bytes in 0 blocks
==28884==   total heap usage: 0 allocs, 0 frees, 0 bytes allocated
==28884== 
==28884== All heap blocks were freed -- no leaks are possible
==28884== 
==28884== ERROR SUMMARY: 0 errors from 0 contexts (suppressed: 0 from 0)
